<?xml version="1.0" encoding="UTF-8"?>
<testsuite name="ingresar al traductor de google" tests="1" skipped="0" failures="0" errors="0" timestamp="2020-05-05T18:36:14" hostname="PSOFKA0298" time="15.198">
  <properties/>
  <testcase name="ingresar al traductor de google" classname="ingresar al traductor de google" time="15.198"/>
  <system-out><![CDATA[]]></system-out>
  <system-err><![CDATA[820 [Test worker] WARN net.thucydides.core.steps.BaseStepListener - stepStarted: net.thucydides.core.steps.ExecutedStepDescription@603fa7b8
1204 [Test worker] WARN net.thucydides.core.steps.BaseStepListener - stepStarted: net.thucydides.core.steps.ExecutedStepDescription@60e41ad5
1224 [Test worker] WARN net.thucydides.core.steps.BaseStepListener - stepStarted: net.thucydides.core.steps.ExecutedStepDescription@71fa4e49
may 05, 2020 1:36:15 PM org.openqa.selenium.remote.DesiredCapabilities chrome
INFORMACIÓN: Using `new ChromeOptions()` is preferred to `DesiredCapabilities.chrome()`
1622 [Test worker] INFO net.serenitybdd.core.webdriver.driverproviders.ProvideNewDriver - Instantiating driver
1622 [Test worker] INFO net.serenitybdd.core.webdriver.driverproviders.ProvideNewDriver - Driver capabilities: Capabilities {acceptInsecureCerts: false, browserName: chrome, goog:chromeOptions: {args: [], extensions: []}, loggingPrefs: org.openqa.selenium.logging..., platform: ANY, version: }
Starting ChromeDriver 70.0.3538.97 (d035916fe243477005bc95fe2a5778b8f20b6ae1) on port 6527
Only local connections are allowed.
[1588703779.157][WARNING]: Timed out connecting to Chrome, retrying...
may 05, 2020 1:36:21 PM org.openqa.selenium.remote.ProtocolHandshake createSession
INFORMACIÓN: Detected dialect: OSS
8633 [Test worker] WARN net.thucydides.core.steps.BaseStepListener - stepFinished: current outcome:ingresar al traductor de google:Given que elkin quiere usar el traductor de google [Elkin abrir [elkin opens the Google home page]]
8991 [Test worker] WARN net.thucydides.core.steps.BaseStepListener - stepFinished: current outcome:ingresar al traductor de google:Given que elkin quiere usar el traductor de google [Elkin abrir [elkin opens the Google home page]]
9003 [Test worker] WARN net.thucydides.core.steps.BaseStepListener - stepFinished: current outcome:ingresar al traductor de google:Given que elkin quiere usar el traductor de google [Elkin abrir [elkin opens the Google home page]]
9011 [Test worker] WARN net.thucydides.core.steps.BaseStepListener - stepStarted: net.thucydides.core.steps.ExecutedStepDescription@30cacdc1
9029 [Test worker] WARN net.thucydides.core.steps.BaseStepListener - stepStarted: net.thucydides.core.steps.ExecutedStepDescription@7b95be95
9337 [Test worker] WARN net.thucydides.core.steps.BaseStepListener - stepStarted: net.thucydides.core.steps.ExecutedStepDescription@163d3150
9739 [Test worker] WARN net.thucydides.core.steps.BaseStepListener - stepFinished: current outcome:ingresar al traductor de google:Given que elkin quiere usar el traductor de google [Elkin abrir [elkin opens the Google home page]], When el traduce la palabra house de ingles a espanol [Elkin traducir [elkin clicks on el boton muestra apps]]
10113 [Test worker] WARN net.thucydides.core.steps.BaseStepListener - stepStarted: net.thucydides.core.steps.ExecutedStepDescription@30a69912
11602 [Test worker] WARN net.thucydides.core.steps.BaseStepListener - stepFinished: current outcome:ingresar al traductor de google:Given que elkin quiere usar el traductor de google [Elkin abrir [elkin opens the Google home page]], When el traduce la palabra house de ingles a espanol [Elkin traducir [elkin clicks on el boton muestra apps, elkin clicks on el boton de google traslate]]
11887 [Test worker] WARN net.thucydides.core.steps.BaseStepListener - stepStarted: net.thucydides.core.steps.ExecutedStepDescription@4171adf2
12059 [Test worker] WARN net.thucydides.core.steps.BaseStepListener - stepFinished: current outcome:ingresar al traductor de google:Given que elkin quiere usar el traductor de google [Elkin abrir [elkin opens the Google home page]], When el traduce la palabra house de ingles a espanol [Elkin traducir [elkin clicks on el boton muestra apps, elkin clicks on el boton de google traslate, elkin clicks on el boton de mas idionas]]
12417 [Test worker] WARN net.thucydides.core.steps.BaseStepListener - stepStarted: net.thucydides.core.steps.ExecutedStepDescription@119022b
12590 [Test worker] WARN net.thucydides.core.steps.BaseStepListener - stepFinished: current outcome:ingresar al traductor de google:Given que elkin quiere usar el traductor de google [Elkin abrir [elkin opens the Google home page]], When el traduce la palabra house de ingles a espanol [Elkin traducir [elkin clicks on el boton muestra apps, elkin clicks on el boton de google traslate, elkin clicks on el boton de mas idionas, elkin clicks on sele idioma ingles]]
12928 [Test worker] WARN net.thucydides.core.steps.BaseStepListener - stepStarted: net.thucydides.core.steps.ExecutedStepDescription@17fbbe0b
13105 [Test worker] WARN net.thucydides.core.steps.BaseStepListener - stepFinished: current outcome:ingresar al traductor de google:Given que elkin quiere usar el traductor de google [Elkin abrir [elkin opens the Google home page]], When el traduce la palabra house de ingles a espanol [Elkin traducir [elkin clicks on el boton muestra apps, elkin clicks on el boton de google traslate, elkin clicks on el boton de mas idionas, elkin clicks on sele idioma ingles, elkin clicks on el boton de mas idionas]]
13410 [Test worker] WARN net.thucydides.core.steps.BaseStepListener - stepStarted: net.thucydides.core.steps.ExecutedStepDescription@27505be1
13543 [Test worker] WARN net.thucydides.core.steps.BaseStepListener - stepFinished: current outcome:ingresar al traductor de google:Given que elkin quiere usar el traductor de google [Elkin abrir [elkin opens the Google home page]], When el traduce la palabra house de ingles a espanol [Elkin traducir [elkin clicks on el boton muestra apps, elkin clicks on el boton de google traslate, elkin clicks on el boton de mas idionas, elkin clicks on sele idioma ingles, elkin clicks on el boton de mas idionas, elkin clicks on sele idioma ingles]]
13828 [Test worker] WARN net.thucydides.core.steps.BaseStepListener - stepStarted: net.thucydides.core.steps.ExecutedStepDescription@40607876
14198 [Test worker] WARN net.thucydides.core.steps.BaseStepListener - stepFinished: current outcome:ingresar al traductor de google:Given que elkin quiere usar el traductor de google [Elkin abrir [elkin opens the Google home page]], When el traduce la palabra house de ingles a espanol [Elkin traducir [elkin clicks on el boton muestra apps, elkin clicks on el boton de google traslate, elkin clicks on el boton de mas idionas, elkin clicks on sele idioma ingles, elkin clicks on el boton de mas idionas, elkin clicks on sele idioma ingles, elkin enters 'house' into ingresar palabra]]
14474 [Test worker] WARN net.thucydides.core.steps.BaseStepListener - stepFinished: current outcome:ingresar al traductor de google:Given que elkin quiere usar el traductor de google [Elkin abrir [elkin opens the Google home page]], When el traduce la palabra house de ingles a espanol [Elkin traducir [elkin clicks on el boton muestra apps, elkin clicks on el boton de google traslate, elkin clicks on el boton de mas idionas, elkin clicks on sele idioma ingles, elkin clicks on el boton de mas idionas, elkin clicks on sele idioma ingles, elkin enters 'house' into ingresar palabra]]
14483 [Test worker] WARN net.thucydides.core.steps.BaseStepListener - stepFinished: current outcome:ingresar al traductor de google:Given que elkin quiere usar el traductor de google [Elkin abrir [elkin opens the Google home page]], When el traduce la palabra house de ingles a espanol [Elkin traducir [elkin clicks on el boton muestra apps, elkin clicks on el boton de google traslate, elkin clicks on el boton de mas idionas, elkin clicks on sele idioma ingles, elkin clicks on el boton de mas idionas, elkin clicks on sele idioma ingles, elkin enters 'house' into ingresar palabra]]
14491 [Test worker] WARN net.thucydides.core.steps.BaseStepListener - stepStarted: net.thucydides.core.steps.ExecutedStepDescription@2eba32fa
14583 [Test worker] WARN net.thucydides.core.steps.BaseStepListener - stepStarted: net.thucydides.core.steps.ExecutedStepDescription@5f157789
14994 [Test worker] WARN net.thucydides.core.steps.BaseStepListener - stepFinished: current outcome:ingresar al traductor de google:Given que elkin quiere usar el traductor de google [Elkin abrir [elkin opens the Google home page]], When el traduce la palabra house de ingles a espanol [Elkin traducir [elkin clicks on el boton muestra apps, elkin clicks on el boton de google traslate, elkin clicks on el boton de mas idionas, elkin clicks on sele idioma ingles, elkin clicks on el boton de mas idionas, elkin clicks on sele idioma ingles, elkin enters 'house' into ingresar palabra]], Then el deberia visualizar la palabra casa en la pantalla [Then la respuesta should be 'casa']
15269 [Test worker] WARN net.thucydides.core.steps.BaseStepListener - stepFinished: current outcome:ingresar al traductor de google:Given que elkin quiere usar el traductor de google [Elkin abrir [elkin opens the Google home page]], When el traduce la palabra house de ingles a espanol [Elkin traducir [elkin clicks on el boton muestra apps, elkin clicks on el boton de google traslate, elkin clicks on el boton de mas idionas, elkin clicks on sele idioma ingles, elkin clicks on el boton de mas idionas, elkin clicks on sele idioma ingles, elkin enters 'house' into ingresar palabra]], Then el deberia visualizar la palabra casa en la pantalla [Then la respuesta should be 'casa']
15278 [Test worker] WARN net.thucydides.core.steps.BaseStepListener - testFinished: ingresar al traductor de google:Given que elkin quiere usar el traductor de google [Elkin abrir [elkin opens the Google home page]], When el traduce la palabra house de ingles a espanol [Elkin traducir [elkin clicks on el boton muestra apps, elkin clicks on el boton de google traslate, elkin clicks on el boton de mas idionas, elkin clicks on sele idioma ingles, elkin clicks on el boton de mas idionas, elkin clicks on sele idioma ingles, elkin enters 'house' into ingresar palabra]], Then el deberia visualizar la palabra casa en la pantalla [Then la respuesta should be 'casa']
15278 [Test worker] WARN net.thucydides.core.steps.BaseStepListener - TestOutcomes: [ingresar al traductor de google:Given que elkin quiere usar el traductor de google [Elkin abrir [elkin opens the Google home page]], When el traduce la palabra house de ingles a espanol [Elkin traducir [elkin clicks on el boton muestra apps, elkin clicks on el boton de google traslate, elkin clicks on el boton de mas idionas, elkin clicks on sele idioma ingles, elkin clicks on el boton de mas idionas, elkin clicks on sele idioma ingles, elkin enters 'house' into ingresar palabra]], Then el deberia visualizar la palabra casa en la pantalla [Then la respuesta should be 'casa']]
15947 [Test worker] WARN net.thucydides.core.steps.BaseStepListener - Final testOutcomes: [ingresar al traductor de google:Given que elkin quiere usar el traductor de google [Elkin abrir [elkin opens the Google home page]], When el traduce la palabra house de ingles a espanol [Elkin traducir [elkin clicks on el boton muestra apps, elkin clicks on el boton de google traslate, elkin clicks on el boton de mas idionas, elkin clicks on sele idioma ingles, elkin clicks on el boton de mas idionas, elkin clicks on sele idioma ingles, elkin enters 'house' into ingresar palabra]], Then el deberia visualizar la palabra casa en la pantalla [Then la respuesta should be 'casa']]
15948 [Test worker] INFO net.thucydides.core.steps.ConsoleLoggingListener - 
        __    _____ _____ ____ _____   ____   _    ____  ____  _____ ____  
  _     \ \  |_   _| ____/ ___|_   _| |  _ \ / \  / ___|/ ___|| ____|  _ \ 
 (_)_____| |   | | |  _| \___ \ | |   | |_) / _ \ \___ \\___ \|  _| | | | |
  _|_____| |   | | | |___ ___) || |   |  __/ ___ \ ___) |___) | |___| |_| |
 (_)     | |   |_| |_____|____/ |_|   |_| /_/   \_\____/|____/|_____|____/ 
        /_/                                                                

TEST PASSED: ingresar al traductor de google
----------------------------------------------------------------------------
]]></system-err>
</testsuite>
